17:26:30.969 [main] INFO  org.cryptomator.launcher.Cryptomator - Starting Cryptomator 1.5.16 on Windows 10 10.0 (amd64)
17:26:31.746 [JavaFX Application Thread] INFO  o.c.ui.launcher.FxApplicationStarter - JavaFX Runtime started.
17:26:49.775 [JavaFX Application Thread] INFO  o.c.w.k.WindowsProtectedKeychainAccess - Unable to load existing keychain file, creating new keychain.
17:26:50.773 [App Scheduled Executor 01] INFO  o.c.common.settings.SettingsProvider - Settings saved to .\data\settings.json
17:26:54.028 [App Background Thread 003] INFO  org.cryptomator.common.vaults.Vault - Storing file name length limit of 220
17:26:55.031 [App Scheduled Executor 01] INFO  o.c.common.settings.SettingsProvider - Settings saved to .\data\settings.json
17:26:55.230 [App Background Thread 003] INFO  com.dokany.java.DokanyMount - Dokany API/driver version: 140 / 400
17:26:55.632 [JavaFX Application Thread] INFO  o.c.ui.unlock.UnlockWorkflow - Unlock of 'GDCrypt' succeeded.
17:26:59.174 [App Scheduled Executor 02] INFO  o.c.common.settings.SettingsProvider - Settings saved to .\data\settings.json
17:27:02.834 [App Background Thread 006] INFO  com.dokany.java.DokanyMount - Unmounting dokan device at M:\
17:27:22.355 [JavaFX Application Thread] WARN  org.cryptomator.ui.lock.LockWorkflow - Lock of GDCrypt failed.
org.cryptomator.common.vaults.LockNotCompletedException: Locking of vault GDCrypt still in progress.
	at org.cryptomator.common.vaults.Vault.lock(Vault.java:182)
	at org.cryptomator.ui.lock.LockWorkflow.call(LockWorkflow.java:60)
	at org.cryptomator.ui.lock.LockWorkflow.call(LockWorkflow.java:31)
	at javafx.concurrent.Task$TaskCallable.call(Task.java:1425)
	at java.base/java.util.concurrent.FutureTask.run(Unknown Source)
	at java.base/java.util.concurrent.Executors$RunnableAdapter.call(Unknown Source)
	at java.base/java.util.concurrent.FutureTask.run(Unknown Source)
	at java.base/java.util.concurrent.ThreadPoolExecutor.runWorker(Unknown Source)
	at java.base/java.util.concurrent.ThreadPoolExecutor$Worker.run(Unknown Source)
	at java.base/java.lang.Thread.run(Unknown Source)
17:27:31.603 [JavaFX Application Thread] INFO  o.cryptomator.ui.quit.QuitController - Quitting application canceled by user.
17:27:32.704 [JavaFX Application Thread] ERROR o.cryptomator.ui.common.VaultService - Failed to lock GDCrypt
org.cryptomator.common.vaults.LockNotCompletedException: Locking of vault GDCrypt still in progress.
	at org.cryptomator.common.vaults.Vault.lock(Vault.java:182)
	at org.cryptomator.ui.common.VaultService$LockVaultTask.call(VaultService.java:180)
	at org.cryptomator.ui.common.VaultService$LockVaultTask.call(VaultService.java:162)
	at javafx.concurrent.Task$TaskCallable.call(Task.java:1425)
	at java.base/java.util.concurrent.FutureTask.run(Unknown Source)
	at java.base/java.util.concurrent.ThreadPoolExecutor.runWorker(Unknown Source)
	at java.base/java.util.concurrent.ThreadPoolExecutor$Worker.run(Unknown Source)
	at java.base/java.lang.Thread.run(Unknown Source)
